#
# There is insufficient memory for the Java Runtime Environment to continue.
# Native memory allocation (mmap) failed to map 268435456 bytes for Failed to commit area from 0x0000000701e00000 to 0x0000000711e00000 of length 268435456.
# Possible reasons:
#   The system is out of physical RAM or swap space
#   The process is running with CompressedOops enabled, and the Java Heap may be blocking the growth of the native heap
# Possible solutions:
#   Reduce memory load on the system
#   Increase physical memory or swap space
#   Check if swap backing store is full
#   Decrease Java heap size (-Xmx/-Xms)
#   Decrease number of Java threads
#   Decrease Java thread stack sizes (-Xss)
#   Set larger code cache with -XX:ReservedCodeCacheSize=
# This output file may be truncated or incomplete.
#
#  Out of Memory Error (./src/hotspot/os/windows/os_windows.cpp:3303), pid=18500, tid=14036
#
# JRE version:  (11.0.9.1+11) (build )
# Java VM: OpenJDK 64-Bit Server VM (11.0.9.1+11-b1145.77, mixed mode, sharing, tiered, compressed oops, g1 gc, windows-amd64)
# No core dump will be written. Minidumps are not enabled by default on client versions of Windows
#

---------------  S U M M A R Y ------------

Command Line: org.jetbrains.git4idea.http.GitAskPassApp Username for 'https://coding.jd.com': 

Host: Intel(R) Core(TM) i5-8265U CPU @ 1.60GHz, 8 cores, 15G,  Windows 10 , 64 bit Build 19041 (10.0.19041.1503)
Time: Thu Mar 17 20:55:26 2022 中国标准时间 elapsed time: 0.028808 seconds (0d 0h 0m 0s)

---------------  T H R E A D  ---------------

Current thread (0x000001bb0ecf2000):  JavaThread "Unknown thread" [_thread_in_vm, id=14036, stack(0x000000a47d100000,0x000000a47d200000)]

Stack: [0x000000a47d100000,0x000000a47d200000]
Native frames: (J=compiled Java code, j=interpreted, Vv=VM code, C=native code)
V  [jvm.dll+0x5edd9a]
V  [jvm.dll+0x7229c5]
V  [jvm.dll+0x723f1d]
V  [jvm.dll+0x7245d3]
V  [jvm.dll+0x2431b8]
V  [jvm.dll+0x5eb234]
V  [jvm.dll+0x5e0325]
V  [jvm.dll+0x2fe60b]
V  [jvm.dll+0x2fe57a]
V  [jvm.dll+0x2fe452]
V  [jvm.dll+0x303346]
V  [jvm.dll+0x34ba83]
V  [jvm.dll+0x34c186]
V  [jvm.dll+0x34bb83]
V  [jvm.dll+0x2d9218]
V  [jvm.dll+0x2da3c7]
V  [jvm.dll+0x701a67]
V  [jvm.dll+0x70325c]
V  [jvm.dll+0x359049]
V  [jvm.dll+0x6e552e]
V  [jvm.dll+0x3c1353]
V  [jvm.dll+0x3c3571]
C  [jli.dll+0x5373]
C  [ucrtbase.dll+0x21bb2]
C  [KERNEL32.DLL+0x17034]
C  [ntdll.dll+0x52651]


---------------  P R O C E S S  ---------------

Threads class SMR info:
_java_thread_list=0x000001bb0cb97220, length=0, elements={
}

Java Threads: ( => current thread )

Other Threads:
  0x000001bb0ed08800 GCTaskThread "GC Thread#0" [stack: 0x000000a47d200000,0x000000a47d300000] [id=23196]
  0x000001bb0ed68000 ConcurrentGCThread "G1 Main Marker" [stack: 0x000000a47d300000,0x000000a47d400000] [id=4196]
  0x000001bb0ed6a800 ConcurrentGCThread "G1 Conc#0" [stack: 0x000000a47d400000,0x000000a47d500000] [id=10328]

[error occurred during error reporting (printing all threads), id 0xc0000005, EXCEPTION_ACCESS_VIOLATION (0xc0000005) at pc=0x00007ffd1d139807]

VM state:not at safepoint (not fully initialized)

VM Mutex/Monitor currently owned by a thread:  ([mutex/lock_event])
[0x000001bb0ececd30] Heap_lock - owner thread: 0x000001bb0ecf2000

Heap address: 0x0000000701e00000, size: 4066 MB, Compressed Oops mode: Non-zero based: 0x0000000701e00000
Narrow klass base: 0x0000000000000000, Narrow klass shift: 0

GC Heap History (0 events):
No events

Deoptimization events (0 events):
No events

Classes redefined (0 events):
No events

Internal exceptions (0 events):
No events

Events (1 events):
Event: 0.006 Loaded shared library D:\Program Files\JetBrains\IntelliJ IDEA 2020.3.2\jbr\bin\zip.dll


Dynamic libraries:
0x00007ff6254f0000 - 0x00007ff6254fa000 	D:\Program Files\JetBrains\IntelliJ IDEA 2020.3.2\jbr\bin\java.exe
0x00007ffd657f0000 - 0x00007ffd659e5000 	C:\WINDOWS\SYSTEM32\ntdll.dll
0x00007ffd64370000 - 0x00007ffd6442e000 	C:\WINDOWS\System32\KERNEL32.DLL
0x00007ffd631e0000 - 0x00007ffd634a8000 	C:\WINDOWS\System32\KERNELBASE.dll
0x00007ffd635a0000 - 0x00007ffd636a0000 	C:\WINDOWS\System32\ucrtbase.dll
0x00007ffd4bd60000 - 0x00007ffd4bd77000 	D:\Program Files\JetBrains\IntelliJ IDEA 2020.3.2\jbr\bin\VCRUNTIME140.dll
0x00007ffd4c510000 - 0x00007ffd4c529000 	D:\Program Files\JetBrains\IntelliJ IDEA 2020.3.2\jbr\bin\jli.dll
0x00007ffd63910000 - 0x00007ffd63ab0000 	C:\WINDOWS\System32\USER32.dll
0x00007ffd63050000 - 0x00007ffd63072000 	C:\WINDOWS\System32\win32u.dll
0x00007ffd511b0000 - 0x00007ffd5144a000 	C:\WINDOWS\WinSxS\amd64_microsoft.windows.common-controls_6595b64144ccf1df_6.0.19041.1110_none_60b5254171f9507e\COMCTL32.dll
0x00007ffd64430000 - 0x00007ffd6445b000 	C:\WINDOWS\System32\GDI32.dll
0x00007ffd64d30000 - 0x00007ffd64dce000 	C:\WINDOWS\System32\msvcrt.dll
0x00007ffd63730000 - 0x00007ffd6383d000 	C:\WINDOWS\System32\gdi32full.dll
0x00007ffd63500000 - 0x00007ffd6359d000 	C:\WINDOWS\System32\msvcp_win.dll
0x00007ffd64a70000 - 0x00007ffd64aa0000 	C:\WINDOWS\System32\IMM32.DLL
0x00007ffd32dd0000 - 0x00007ffd32e6d000 	D:\Program Files\JetBrains\IntelliJ IDEA 2020.3.2\jbr\bin\msvcp140.dll
0x00007ffd1ce50000 - 0x00007ffd1d91e000 	D:\Program Files\JetBrains\IntelliJ IDEA 2020.3.2\jbr\bin\server\jvm.dll
0x00007ffd64aa0000 - 0x00007ffd64b4e000 	C:\WINDOWS\System32\ADVAPI32.dll
0x00007ffd642c0000 - 0x00007ffd6435c000 	C:\WINDOWS\System32\sechost.dll
0x00007ffd64b50000 - 0x00007ffd64c75000 	C:\WINDOWS\System32\RPCRT4.dll
0x00007ffd64200000 - 0x00007ffd64208000 	C:\WINDOWS\System32\PSAPI.DLL
0x00007ffd46ff0000 - 0x00007ffd46ff9000 	C:\WINDOWS\SYSTEM32\WSOCK32.dll
0x00007ffd51620000 - 0x00007ffd51647000 	C:\WINDOWS\SYSTEM32\WINMM.dll
0x00007ffd5ab70000 - 0x00007ffd5ab7a000 	C:\WINDOWS\SYSTEM32\VERSION.dll
0x00007ffd64590000 - 0x00007ffd645fb000 	C:\WINDOWS\System32\WS2_32.dll
0x00007ffd617d0000 - 0x00007ffd617e2000 	C:\WINDOWS\SYSTEM32\kernel.appcore.dll
0x00007ffd55920000 - 0x00007ffd55931000 	D:\Program Files\JetBrains\IntelliJ IDEA 2020.3.2\jbr\bin\verify.dll
0x00007ffd614b0000 - 0x00007ffd61694000 	C:\WINDOWS\SYSTEM32\DBGHELP.DLL
0x00007ffd4a5b0000 - 0x00007ffd4a5dc000 	C:\WINDOWS\SYSTEM32\dbgcore.DLL
0x00007ffd636a0000 - 0x00007ffd63722000 	C:\WINDOWS\System32\bcryptPrimitives.dll
0x00007ffd4c6d0000 - 0x00007ffd4c6f9000 	D:\Program Files\JetBrains\IntelliJ IDEA 2020.3.2\jbr\bin\java.dll
0x00007ffd5c7c0000 - 0x00007ffd5c7cb000 	D:\Program Files\JetBrains\IntelliJ IDEA 2020.3.2\jbr\bin\jimage.dll
0x00007ffd4c9a0000 - 0x00007ffd4c9b8000 	D:\Program Files\JetBrains\IntelliJ IDEA 2020.3.2\jbr\bin\zip.dll

dbghelp: loaded successfully - version: 4.0.5 - missing functions: none
symbol engine: initialized successfully - sym options: 0x614 - pdb path: .;D:\Program Files\JetBrains\IntelliJ IDEA 2020.3.2\jbr\bin;C:\WINDOWS\SYSTEM32;C:\WINDOWS\WinSxS\amd64_microsoft.windows.common-controls_6595b64144ccf1df_6.0.19041.1110_none_60b5254171f9507e;D:\Program Files\JetBrains\IntelliJ IDEA 2020.3.2\jbr\bin\server

VM Arguments:
java_command: org.jetbrains.git4idea.http.GitAskPassApp Username for 'https://coding.jd.com': 
java_class_path (initial): D:/Program Files/JetBrains/IntelliJ IDEA 2020.3.2/plugins/git4idea/lib/git4idea-rt.jar;D:/Program Files/JetBrains/IntelliJ IDEA 2020.3.2/lib/xmlrpc-2.0.1.jar;D:/Program Files/JetBrains/IntelliJ IDEA 2020.3.2/lib/commons-codec-1.14.jar
Launcher Type: SUN_STANDARD

[Global flags]
     intx CICompilerCount                          = 4                                         {product} {ergonomic}
     uint ConcGCThreads                            = 2                                         {product} {ergonomic}
     uint G1ConcRefinementThreads                  = 8                                         {product} {ergonomic}
   size_t G1HeapRegionSize                         = 1048576                                   {product} {ergonomic}
    uintx GCDrainStackTargetSize                   = 64                                        {product} {ergonomic}
   size_t InitialHeapSize                          = 268435456                                 {product} {ergonomic}
   size_t MarkStackSize                            = 4194304                                   {product} {ergonomic}
   size_t MaxHeapSize                              = 4263510016                                {product} {ergonomic}
   size_t MinHeapDeltaBytes                        = 1048576                                   {product} {ergonomic}
    uintx NonNMethodCodeHeapSize                   = 5836300                                {pd product} {ergonomic}
    uintx NonProfiledCodeHeapSize                  = 122910970                              {pd product} {ergonomic}
    uintx ProfiledCodeHeapSize                     = 122910970                              {pd product} {ergonomic}
    uintx ReservedCodeCacheSize                    = 251658240                              {pd product} {ergonomic}
     bool SegmentedCodeCache                       = true                                      {product} {ergonomic}
     bool UseCompressedClassPointers               = true                                 {lp64_product} {ergonomic}
     bool UseCompressedOops                        = true                                 {lp64_product} {ergonomic}
     bool UseG1GC                                  = true                                      {product} {ergonomic}
     bool UseLargePagesIndividualAllocation        = false                                  {pd product} {ergonomic}

Logging:
Log output configuration:
 #0: stdout all=warning uptime,level,tags
 #1: stderr all=off uptime,level,tags

Environment Variables:
JAVA_HOME=C:\Program Files\Java\jdk1.8.0_301
PATH=D:\Program Files\Git\mingw64\libexec\git-core;D:\Program Files\Git\mingw64\libexec\git-core;D:\Program Files\Git\mingw64\bin;D:\Program Files\Git\usr\bin;C:\Users\luqinglin3\bin;C:\Program Files (x86)\Common Files\Oracle\Java\javapath;C:\ProgramData\Oracle\Java\javapath;C:\Program Files (x86)\NetSarang\Xshell 6;D:\Python27;C:\WINDOWS\system32;C:\WINDOWS;C:\WINDOWS\System32\Wbem;C:\WINDOWS\System32\WindowsPowerShell\v1.0;C:\WINDOWS\System32\OpenSSH;C:\Program Files (x86)\Microsoft SQL Server\90\Tools\binn;D:\Program Files\nodejs;D:\Program Files\AndroidSDK;D:\Program Files (x86)\python\Scripts;D:\Program Files (x86)\python;C:\Users\luqinglin3\AppData\Local\Microsoft\WindowsApps;D:\dev\apache-maven-3.6.3\bin;D:\Program Files\jdk8\bin;D:\Program Files\Git\cmd;C:\Users\luqinglin3\.dotnet\tools;D:\Program Files\nodejs\node_global;C:\Users\luqinglin3\AppData\Local\Programs\Fiddler;D:\dev\apache-cassandra-3.11.8\bin;C:\Python27;C:\Users\luqinglin3\AppData\Local\Microsoft\WindowsApps
USERNAME=luqinglin3
DISPLAY=:0.0
LC_ALL=en_US.UTF-8
OS=Windows_NT
PROCESSOR_IDENTIFIER=Intel64 Family 6 Model 142 Stepping 12, GenuineIntel



---------------  S Y S T E M  ---------------

OS: Windows 10 , 64 bit Build 19041 (10.0.19041.1503)
OS uptime: 10 days 11:47 hours

CPU:total 8 (initial active 8) (4 cores per cpu, 2 threads per core) family 6 model 142 stepping 12, cmov, cx8, fxsr, mmx, sse, sse2, sse3, ssse3, sse4.1, sse4.2, popcnt, avx, avx2, aes, clmul, erms, 3dnowpref, lzcnt, ht, tsc, tscinvbit, bmi1, bmi2, adx, fma

Memory: 4k page, system-wide physical 16260M (407M free)
TotalPageFile size 31292M (AvailPageFile size 111M)
current process WorkingSet (physical memory assigned to process): 10M, peak: 10M
current process commit charge ("private bytes"): 60M, peak: 316M

vm_info: OpenJDK 64-Bit Server VM (11.0.9.1+11-b1145.77) for windows-amd64 JRE (11.0.9.1+11-b1145.77), built on Jan 16 2021 05:14:13 by "" with MS VC++ 14.0 (VS2015)

END.
